<?xml version="1.0" encoding="UTF-8"?>
<!-- Generated by org.testng.reporters.JUnitXMLReporter -->
<testsuite hostname="IN-PF0QTVUJ" ignored="0" name="Default test" tests="4" failures="0" timestamp="2021-11-08T16:47:53 IST" time="294.209" errors="0">
  <testcase name="verifyAddEmployeeDataDrivenTest" time="59.868" classname="com.technocredits.orghrm.testScripts.PIM_AddEmployeeTest"/>
  <testcase name="verifyAddEmployeeDataDrivenTest" time="57.926" classname="com.technocredits.orghrm.testScripts.PIM_AddEmployeeTest"/>
  <testcase name="verifyAddEmployeeDataDrivenTest" time="51.403" classname="com.technocredits.orghrm.testScripts.PIM_AddEmployeeTest"/>
  <testcase name="verifyAddEmployeeDataDrivenTest" time="51.683" classname="com.technocredits.orghrm.testScripts.PIM_AddEmployeeTest"/>
</testsuite> <!-- Default test -->
