<?xml version="1.0" encoding="UTF-8"?>
<testng-results skipped="0" failed="0" ignored="0" total="1" passed="1">
  <reporter-output>
  </reporter-output>
  <suite name="Default suite" duration-ms="58305" started-at="2021-11-01T19:02:57 IST" finished-at="2021-11-01T19:03:56 IST">
    <groups>
    </groups>
    <test name="Default test" duration-ms="58305" started-at="2021-11-01T19:02:57 IST" finished-at="2021-11-01T19:03:56 IST">
      <class name="com.technocredits.orghrm.testScripts.PIM_AddEmployeeTest">
        <test-method status="PASS" signature="setUp()[pri:0, instance:com.technocredits.orghrm.testScripts.PIM_AddEmployeeTest@1f554b06]" name="setUp" is-config="true" duration-ms="27930" started-at="2021-11-01T19:02:57 IST" finished-at="2021-11-01T19:03:25 IST">
          <reporter-output>
          </reporter-output>
        </test-method> <!-- setUp -->
        <test-method status="PASS" signature="verifyAddEmployeeTest()[pri:0, instance:com.technocredits.orghrm.testScripts.PIM_AddEmployeeTest@1f554b06]" name="verifyAddEmployeeTest" duration-ms="30309" started-at="2021-11-01T19:03:25 IST" finished-at="2021-11-01T19:03:56 IST">
          <reporter-output>
          </reporter-output>
        </test-method> <!-- verifyAddEmployeeTest -->
      </class> <!-- com.technocredits.orghrm.testScripts.PIM_AddEmployeeTest -->
    </test> <!-- Default test -->
  </suite> <!-- Default suite -->
</testng-results>
